#
# There is insufficient memory for the Java Runtime Environment to continue.
# Native memory allocation (mmap) failed to map 532676608 bytes for Failed to commit area from 0x0000000604000000 to 0x0000000623c00000 of length 532676608.
# Possible reasons:
#   The system is out of physical RAM or swap space
#   The process is running with CompressedOops enabled, and the Java Heap may be blocking the growth of the native heap
# Possible solutions:
#   Reduce memory load on the system
#   Increase physical memory or swap space
#   Check if swap backing store is full
#   Decrease Java heap size (-Xmx/-Xms)
#   Decrease number of Java threads
#   Decrease Java thread stack sizes (-Xss)
#   Set larger code cache with -XX:ReservedCodeCacheSize=
# This output file may be truncated or incomplete.
#
#  Out of Memory Error (./open/src/hotspot/os/windows/os_windows.cpp:3292), pid=5560, tid=20360
#
# JRE version:  (11.0.19+9) (build )
# Java VM: Java HotSpot(TM) 64-Bit Server VM (11.0.19+9-LTS-224, mixed mode, sharing, tiered, compressed oops, g1 gc, windows-amd64)
# No core dump will be written. Minidumps are not enabled by default on client versions of Windows
#

---------------  S U M M A R Y ------------

Command Line: -Dmaven.multiModuleProjectDirectory=C:\Projects\JavaProject\core-spring-labfiles\lab org.apache.maven.wrapper.MavenWrapperMain -pl 00-rewards-common -pl 01-rewards-db -pl 44-actuator clean install

Host: 13th Gen Intel(R) Core(TM) i5-13500, 20 cores, 31G,  Windows 11 , 64 bit Build 22621 (10.0.22621.1778)
Time: Wed Jul  5 16:56:20 2023 SE Asia Standard Time elapsed time: 0.006273 seconds (0d 0h 0m 0s)

---------------  T H R E A D  ---------------

Current thread (0x000001b26193b000):  JavaThread "Unknown thread" [_thread_in_vm, id=20360, stack(0x0000006166a00000,0x0000006166b00000)]

Stack: [0x0000006166a00000,0x0000006166b00000]
Native frames: (J=compiled Java code, j=interpreted, Vv=VM code, C=native code)
V  [jvm.dll+0x65fe1a]
V  [jvm.dll+0x7a2bbf]
V  [jvm.dll+0x7a4289]
V  [jvm.dll+0x7a4923]
V  [jvm.dll+0x258a25]
V  [jvm.dll+0x65d179]
V  [jvm.dll+0x651e55]
V  [jvm.dll+0x31302d]
V  [jvm.dll+0x312e92]
V  [jvm.dll+0x317ac6]
V  [jvm.dll+0x35fbc0]
V  [jvm.dll+0x35f632]
V  [jvm.dll+0x2ee6b8]
V  [jvm.dll+0x2ef7c5]
V  [jvm.dll+0x77bc17]
V  [jvm.dll+0x77d4ff]
V  [jvm.dll+0x36ce69]
V  [jvm.dll+0x76070f]
V  [jvm.dll+0x3defe7]
V  [jvm.dll+0x3e1091]
C  [jli.dll+0x52e7]
C  [ucrtbase.dll+0x29363]
C  [KERNEL32.DLL+0x126ad]
C  [ntdll.dll+0x5a9f8]


---------------  P R O C E S S  ---------------

Threads class SMR info:
_java_thread_list=0x000001b25f6441f0, length=0, elements={
}

Java Threads: ( => current thread )

Other Threads:
  0x000001b261950000 GCTaskThread "GC Thread#0" [stack: 0x0000006166b00000,0x0000006166c00000] [id=27192]
  0x000001b2619d2000 ConcurrentGCThread "G1 Main Marker" [stack: 0x0000006166c00000,0x0000006166d00000] [id=4728]
  0x000001b2619d4000 ConcurrentGCThread "G1 Conc#0" [stack: 0x0000006166d00000,0x0000006166e00000] [id=19584]

[error occurred during error reporting (printing all threads), id 0xc0000005, EXCEPTION_ACCESS_VIOLATION (0xc0000005) at pc=0x00007ff9bb5cf177]

VM state:not at safepoint (not fully initialized)

VM Mutex/Monitor currently owned by a thread:  ([mutex/lock_event])
[0x000001b261936d40] Heap_lock - owner thread: 0x000001b26193b000

Heap address: 0x0000000604000000, size: 8128 MB, Compressed Oops mode: Non-zero based: 0x0000000604000000
Narrow klass base: 0x0000000000000000, Narrow klass shift: 0

GC Heap History (0 events):
No events

Deoptimization events (0 events):
No events

Classes redefined (0 events):
No events

Internal exceptions (0 events):
No events

Events (0 events):
No events


Dynamic libraries:
0x00007ff64cb30000 - 0x00007ff64cb40000 	C:\Program Files\Java\jdk-11\bin\java.exe
0x00007ffa5d010000 - 0x00007ffa5d224000 	C:\Windows\SYSTEM32\ntdll.dll
0x00007ffa5bea0000 - 0x00007ffa5bf62000 	C:\Windows\System32\KERNEL32.DLL
0x00007ffa5a780000 - 0x00007ffa5ab23000 	C:\Windows\System32\KERNELBASE.dll
0x00007ffa5a490000 - 0x00007ffa5a5a1000 	C:\Windows\System32\ucrtbase.dll
0x00007ffa4cbf0000 - 0x00007ffa4cc09000 	C:\Program Files\Java\jdk-11\bin\jli.dll
0x00007ffa49720000 - 0x00007ffa4973b000 	C:\Program Files\Java\jdk-11\bin\VCRUNTIME140.dll
0x00007ffa5bde0000 - 0x00007ffa5be8e000 	C:\Windows\System32\ADVAPI32.dll
0x00007ffa5ae00000 - 0x00007ffa5aea7000 	C:\Windows\System32\msvcrt.dll
0x00007ffa5b6c0000 - 0x00007ffa5b764000 	C:\Windows\System32\sechost.dll
0x00007ffa5c240000 - 0x00007ffa5c357000 	C:\Windows\System32\RPCRT4.dll
0x00007ffa5bc20000 - 0x00007ffa5bdcb000 	C:\Windows\System32\USER32.dll
0x00007ffa5ab30000 - 0x00007ffa5ab56000 	C:\Windows\System32\win32u.dll
0x00007ffa4efc0000 - 0x00007ffa4f24e000 	C:\Windows\WinSxS\amd64_microsoft.windows.common-controls_6595b64144ccf1df_6.0.22621.1635_none_270f70857386168e\COMCTL32.dll
0x00007ffa5bf70000 - 0x00007ffa5bf99000 	C:\Windows\System32\GDI32.dll
0x00007ffa5ab60000 - 0x00007ffa5ac79000 	C:\Windows\System32\gdi32full.dll
0x00007ffa5a5b0000 - 0x00007ffa5a64a000 	C:\Windows\System32\msvcp_win.dll
0x00007ffa548d0000 - 0x00007ffa548da000 	C:\Windows\SYSTEM32\VERSION.dll
0x00007ffa5cf30000 - 0x00007ffa5cf61000 	C:\Windows\System32\IMM32.DLL
0x00007ffa49710000 - 0x00007ffa4971c000 	C:\Program Files\Java\jdk-11\bin\vcruntime140_1.dll
0x00007ffa1a4a0000 - 0x00007ffa1a52e000 	C:\Program Files\Java\jdk-11\bin\msvcp140.dll
0x00007ff9bb2d0000 - 0x00007ff9bbe3c000 	C:\Program Files\Java\jdk-11\bin\server\jvm.dll
0x00007ffa5be90000 - 0x00007ffa5be98000 	C:\Windows\System32\PSAPI.DLL
0x00007ffa495b0000 - 0x00007ffa495e4000 	C:\Windows\SYSTEM32\WINMM.dll
0x00007ffa2bc00000 - 0x00007ffa2bc09000 	C:\Windows\SYSTEM32\WSOCK32.dll
0x00007ffa5baf0000 - 0x00007ffa5bb61000 	C:\Windows\System32\WS2_32.dll
0x00007ffa59390000 - 0x00007ffa593a8000 	C:\Windows\SYSTEM32\kernel.appcore.dll
0x00007ffa3f0e0000 - 0x00007ffa3f0f0000 	C:\Program Files\Java\jdk-11\bin\verify.dll
0x00007ffa47f30000 - 0x00007ffa4815e000 	C:\Windows\SYSTEM32\DBGHELP.DLL
0x00007ffa5cba0000 - 0x00007ffa5cf29000 	C:\Windows\System32\combase.dll
0x00007ffa5c3e0000 - 0x00007ffa5c4b7000 	C:\Windows\System32\OLEAUT32.dll
0x00007ffa2bc70000 - 0x00007ffa2bca2000 	C:\Windows\SYSTEM32\dbgcore.DLL
0x00007ffa5a410000 - 0x00007ffa5a48b000 	C:\Windows\System32\bcryptPrimitives.dll
0x00007ffa3f0b0000 - 0x00007ffa3f0d8000 	C:\Program Files\Java\jdk-11\bin\java.dll
0x00007ffa3c8b0000 - 0x00007ffa3c8ba000 	C:\Program Files\Java\jdk-11\bin\jimage.dll
0x00007ffa3bc20000 - 0x00007ffa3bc37000 	C:\Program Files\Java\jdk-11\bin\zip.dll

dbghelp: loaded successfully - version: 4.0.5 - missing functions: none
symbol engine: initialized successfully - sym options: 0x614 - pdb path: .;C:\Program Files\Java\jdk-11\bin;C:\Windows\SYSTEM32;C:\Windows\WinSxS\amd64_microsoft.windows.common-controls_6595b64144ccf1df_6.0.22621.1635_none_270f70857386168e;C:\Program Files\Java\jdk-11\bin\server

VM Arguments:
jvm_args: -Dmaven.multiModuleProjectDirectory=C:\Projects\JavaProject\core-spring-labfiles\lab 
java_command: org.apache.maven.wrapper.MavenWrapperMain -pl 00-rewards-common -pl 01-rewards-db -pl 44-actuator clean install
java_class_path (initial): C:\Projects\JavaProject\core-spring-labfiles\lab\.mvn\wrapper\maven-wrapper.jar
Launcher Type: SUN_STANDARD

[Global flags]
     intx CICompilerCount                          = 12                                        {product} {ergonomic}
     uint ConcGCThreads                            = 4                                         {product} {ergonomic}
     uint G1ConcRefinementThreads                  = 15                                        {product} {ergonomic}
   size_t G1HeapRegionSize                         = 2097152                                   {product} {ergonomic}
    uintx GCDrainStackTargetSize                   = 64                                        {product} {ergonomic}
   size_t InitialHeapSize                          = 532676608                                 {product} {ergonomic}
   size_t MarkStackSize                            = 4194304                                   {product} {ergonomic}
   size_t MaxHeapSize                              = 8522825728                                {product} {ergonomic}
   size_t MinHeapDeltaBytes                        = 2097152                                   {product} {ergonomic}
    uintx NonNMethodCodeHeapSize                   = 7594288                                {pd product} {ergonomic}
    uintx NonProfiledCodeHeapSize                  = 122031976                              {pd product} {ergonomic}
    uintx ProfiledCodeHeapSize                     = 122031976                              {pd product} {ergonomic}
    uintx ReservedCodeCacheSize                    = 251658240                              {pd product} {ergonomic}
     bool SegmentedCodeCache                       = true                                      {product} {ergonomic}
     bool UseCompressedClassPointers               = true                                 {lp64_product} {ergonomic}
     bool UseCompressedOops                        = true                                 {lp64_product} {ergonomic}
     bool UseG1GC                                  = true                                      {product} {ergonomic}
     bool UseLargePagesIndividualAllocation        = false                                  {pd product} {ergonomic}

Logging:
Log output configuration:
 #0: stdout all=warning uptime,level,tags
 #1: stderr all=off uptime,level,tags

Environment Variables:
JAVA_HOME=C:\Program Files\Java\jdk-11
PATH=C:\Program Files\Common Files\Oracle\Java\javapath;C:\Program Files\NVIDIA GPU Computing Toolkit\CUDA\v12.1\bin;C:\Program Files\NVIDIA GPU Computing Toolkit\CUDA\v12.1\libnvvp;C:\Windows\system32;C:\Windows;C:\Windows\System32\Wbem;C:\Windows\System32\WindowsPowerShell\v1.0\;C:\Windows\System32\OpenSSH\;C:\Program Files (x86)\NVIDIA Corporation\PhysX\Common;C:\Program Files\NVIDIA Corporation\NVIDIA NvDLISR;C:\Program Files\Git\cmd;C:\Program Files\dotnet\;C:\Program Files\NVIDIA Corporation\Nsight Compute 2023.1.1\;C:\Program Files\Java\jdk-11\bin;C:\Gradle\gradle-8.1.1\bin;C:\Program Files\Go\bin;C:\Users\lockh\AppData\Local\Microsoft\WindowsApps;C:\Users\lockh\AppData\Local\Programs\Microsoft VS Code\bin;C:\Users\lockh\anaconda3\condabin;C:\Users\lockh\go\bin;C:\Users\lockh\AppData\Local\Programs\Hyper\resources\bin
USERNAME=lockh
OS=Windows_NT
PROCESSOR_IDENTIFIER=Intel64 Family 6 Model 191 Stepping 2, GenuineIntel



---------------  S Y S T E M  ---------------

OS: Windows 11 , 64 bit Build 22621 (10.0.22621.1778)
Hyper-V role detected

CPU:total 20 (initial active 20) (10 cores per cpu, 2 threads per core) family 6 model 191 stepping 2 microcode 0x26, cmov, cx8, fxsr, mmx, sse, sse2, sse3, ssse3, sse4.1, sse4.2, popcnt, avx, avx2, aes, clmul, erms, 3dnowpref, lzcnt, ht, tsc, tscinvbit, bmi1, bmi2, adx, sha, fma

Memory: 4k page, system-wide physical 32508M (2647M free)
TotalPageFile size 130811M (AvailPageFile size 115M)
current process WorkingSet (physical memory assigned to process): 11M, peak: 11M
current process commit charge ("private bytes"): 76M, peak: 584M

vm_info: Java HotSpot(TM) 64-Bit Server VM (11.0.19+9-LTS-224) for windows-amd64 JRE (11.0.19+9-LTS-224), built on Mar 27 2023 08:48:55 by "mach5one" with MS VC++ 17.1 (VS2022)

END.
